<?xml version="1.0" encoding="UTF-8"?>
<!-- Generated by org.testng.reporters.JUnitReportReporter -->
<testsuite hostname="DESKTOP-B98V00F" failures="0" tests="1" name="tests.ThreeTest" time="30.617" errors="0" timestamp="2021-02-10T08:36:47 GMT-08:00" skipped="0">
  <testcase classname="tests.ThreeTest" name="testThree" time="30.617"/>
  <system-out/>
</testsuite> <!-- tests.ThreeTest -->
