<?xml version="1.0" encoding="UTF-8"?>
<!-- Generated by org.testng.reporters.JUnitReportReporter -->
<testsuite hostname="DESKTOP-B98V00F" failures="0" tests="1" name="tests.ThreeTest" time="0.002" errors="0" timestamp="2021-02-09T07:34:28 GMT-08:00" skipped="0">
  <testcase classname="tests.ThreeTest" name="testThree" time="0.002"/>
  <system-out/>
</testsuite> <!-- tests.ThreeTest -->
