<?xml version="1.0" encoding="UTF-8"?>
<!-- Generated by org.testng.reporters.JUnitReportReporter -->
<testsuite hostname="DESKTOP-B98V00F" failures="0" tests="1" name="tests.TwoTest" time="0.001" errors="0" timestamp="2021-02-09T07:34:28 GMT-08:00" skipped="0">
  <testcase classname="tests.TwoTest" name="testTwo" time="0.001"/>
  <system-out/>
</testsuite> <!-- tests.TwoTest -->
