<?xml version="1.0" encoding="UTF-8"?>
<!-- Generated by org.testng.reporters.JUnitReportReporter -->
<testsuite hostname="DESKTOP-B98V00F" failures="0" tests="1" name="tests.FourTest" time="0.037" errors="0" timestamp="2021-02-09T07:34:28 GMT-08:00" skipped="0">
  <testcase classname="tests.FourTest" name="testFour" time="0.037"/>
  <system-out/>
</testsuite> <!-- tests.FourTest -->
