<?xml version="1.0" encoding="UTF-8"?>
<!-- Generated by org.testng.reporters.JUnitReportReporter -->
<testsuite hostname="DESKTOP-B98V00F" failures="0" tests="2" name="tests.LoginTest" time="53.590" errors="0" timestamp="2021-02-09T07:34:28 GMT-08:00" skipped="0">
  <testcase classname="tests.LoginTest" name="login" time="21.033"/>
  <system-out/>
  <testcase classname="tests.LoginTest" name="login" time="32.557"/>
  <system-out/>
</testsuite> <!-- tests.LoginTest -->
